{
  "RSpec": {
    "coverage": {
      "/home/saasbook/Desktop/Software-Engineering-Project-master/project/app/controllers/application_controller.rb": [
        1,
        1,
        null
      ],
      "/home/saasbook/Desktop/Software-Engineering-Project-master/project/app/helpers/application_helper.rb": [
        1,
        null
      ],
      "/home/saasbook/Desktop/Software-Engineering-Project-master/project/app/helpers/courses_helper.rb": [
        1,
        null
      ],
      "/home/saasbook/Desktop/Software-Engineering-Project-master/project/app/helpers/discussions_helper.rb": [
        1,
        null
      ],
      "/home/saasbook/Desktop/Software-Engineering-Project-master/project/app/helpers/instructor1s_helper.rb": [
        1,
        null
      ],
      "/home/saasbook/Desktop/Software-Engineering-Project-master/project/app/helpers/instructorcourses_helper.rb": [
        1,
        null
      ],
      "/home/saasbook/Desktop/Software-Engineering-Project-master/project/app/helpers/instructors_helper.rb": [
        1,
        null
      ],
      "/home/saasbook/Desktop/Software-Engineering-Project-master/project/app/helpers/sessions_helper.rb": [
        1,
        null
      ],
      "/home/saasbook/Desktop/Software-Engineering-Project-master/project/app/helpers/studentcourses_helper.rb": [
        1,
        null
      ],
      "/home/saasbook/Desktop/Software-Engineering-Project-master/project/app/helpers/students_helper.rb": [
        1,
        null
      ],
      "/home/saasbook/Desktop/Software-Engineering-Project-master/project/app/helpers/subjects_helper.rb": [
        1,
        null
      ],
      "/home/saasbook/Desktop/Software-Engineering-Project-master/project/app/controllers/courses_controller.rb": [
        1,
        null,
        null,
        1,
        0,
        null,
        0,
        0,
        0,
        null,
        null,
        null,
        null,
        null,
        1,
        0,
        null,
        0,
        0,
        0,
        null,
        null,
        null,
        null,
        null,
        1,
        0,
        null,
        0,
        0,
        0,
        null,
        null,
        null,
        null,
        1,
        0,
        null,
        null,
        null,
        null,
        1,
        0,
        null,
        0,
        0,
        0,
        0,
        null,
        0,
        0,
        null,
        null,
        null,
        null,
        null,
        null,
        1,
        0,
        null,
        0,
        0,
        0,
        0,
        null,
        0,
        0,
        null,
        null,
        null,
        null,
        null,
        null,
        1,
        0,
        0,
        null,
        0,
        0,
        0,
        null,
        null,
        null
      ],
      "/home/saasbook/Desktop/Software-Engineering-Project-master/project/app/models/course.rb": [
        1,
        1,
        null
      ],
      "/home/saasbook/Desktop/Software-Engineering-Project-master/project/app/controllers/discussions_controller.rb": [
        1,
        null,
        null,
        1,
        0,
        0,
        0,
        0,
        0,
        0,
        0,
        0,
        0,
        null,
        null,
        null,
        null,
        null,
        1,
        0,
        null,
        0,
        0,
        0,
        null,
        null,
        null,
        null,
        null,
        1,
        0,
        null,
        0,
        0,
        0,
        null,
        null,
        null,
        null,
        1,
        0,
        null,
        null,
        null,
        null,
        1,
        0,
        null,
        0,
        0,
        0,
        0,
        null,
        0,
        0,
        null,
        null,
        null,
        null,
        null,
        null,
        1,
        0,
        null,
        0,
        0,
        0,
        0,
        null,
        0,
        0,
        null,
        null,
        null,
        null,
        null,
        null,
        1,
        0,
        0,
        null,
        0,
        0,
        0,
        null,
        null,
        null
      ],
      "/home/saasbook/Desktop/Software-Engineering-Project-master/project/app/models/discussion.rb": [
        1,
        1,
        1,
        1,
        null
      ],
      "/home/saasbook/Desktop/Software-Engineering-Project-master/project/app/controllers/instructor1s_controller.rb": [
        1,
        null,
        null,
        1,
        0,
        0,
        0,
        0,
        0,
        0,
        0,
        null,
        0,
        0,
        0,
        0,
        null,
        null,
        null,
        0,
        0,
        0,
        null,
        null,
        null,
        null,
        null,
        1,
        0,
        0,
        0,
        0,
        0,
        0,
        null,
        null,
        null,
        null,
        null,
        1,
        0,
        null,
        0,
        0,
        0,
        null,
        null,
        null,
        null,
        1,
        0,
        null,
        null,
        null,
        null,
        1,
        0,
        null,
        0,
        0,
        0,
        null,
        null,
        0,
        0,
        null,
        null,
        null,
        null,
        null,
        null,
        1,
        0,
        null,
        0,
        0,
        0,
        0,
        null,
        0,
        0,
        null,
        null,
        null,
        null,
        null,
        null,
        1,
        0,
        0,
        null,
        0,
        0,
        0,
        null,
        null,
        null
      ],
      "/home/saasbook/Desktop/Software-Engineering-Project-master/project/app/models/instructor1.rb": [
        1,
        1,
        1,
        1,
        1,
        null
      ],
      "/home/saasbook/Desktop/Software-Engineering-Project-master/project/app/controllers/instructorcourses_controller.rb": [
        1,
        null,
        null,
        1,
        0,
        null,
        0,
        0,
        0,
        null,
        null,
        null,
        null,
        null,
        1,
        0,
        0,
        0,
        0,
        0,
        0,
        0,
        null,
        null,
        null,
        null,
        null,
        1,
        0,
        0,
        null,
        0,
        0,
        0,
        null,
        null,
        null,
        null,
        1,
        0,
        null,
        null,
        null,
        null,
        1,
        0,
        null,
        0,
        0,
        0,
        0,
        null,
        0,
        0,
        null,
        null,
        null,
        null,
        null,
        null,
        1,
        0,
        null,
        0,
        0,
        0,
        0,
        null,
        0,
        0,
        null,
        null,
        null,
        null,
        null,
        null,
        1,
        0,
        0,
        null,
        0,
        0,
        0,
        null,
        null,
        null
      ],
      "/home/saasbook/Desktop/Software-Engineering-Project-master/project/app/models/instructorcourse.rb": [
        1,
        1,
        1,
        1,
        1,
        null,
        null
      ],
      "/home/saasbook/Desktop/Software-Engineering-Project-master/project/app/controllers/instructors_controller.rb": [
        1,
        null,
        null,
        1,
        0,
        null,
        0,
        0,
        0,
        null,
        null,
        null,
        null,
        null,
        1,
        0,
        null,
        0,
        0,
        0,
        null,
        null,
        null,
        null,
        null,
        1,
        0,
        null,
        0,
        0,
        0,
        null,
        null,
        null,
        null,
        1,
        0,
        null,
        null,
        null,
        null,
        1,
        0,
        null,
        0,
        0,
        0,
        0,
        null,
        0,
        0,
        null,
        null,
        null,
        null,
        null,
        null,
        1,
        0,
        null,
        0,
        0,
        0,
        0,
        null,
        0,
        0,
        null,
        null,
        null,
        null,
        null,
        null,
        1,
        0,
        0,
        null,
        0,
        0,
        0,
        null,
        null,
        null
      ],
      "/home/saasbook/Desktop/Software-Engineering-Project-master/project/app/models/instructor.rb": [
        1,
        1,
        1,
        null,
        null,
        null
      ],
      "/home/saasbook/Desktop/Software-Engineering-Project-master/project/app/controllers/sessions_controller.rb": [
        1,
        1,
        null,
        null,
        1,
        null,
        null,
        1,
        null,
        null,
        1,
        0,
        0,
        null,
        0,
        0,
        null,
        null,
        null,
        null,
        0,
        null,
        null,
        null,
        1,
        0,
        0,
        null,
        0,
        0,
        null,
        null,
        null,
        null,
        0,
        null,
        null,
        null,
        1,
        0,
        0,
        0,
        0,
        0,
        null,
        null,
        1,
        0,
        0,
        0,
        null,
        null
      ],
      "/home/saasbook/Desktop/Software-Engineering-Project-master/project/app/controllers/studentcourses_controller.rb": [
        1,
        null,
        null,
        1,
        0,
        null,
        0,
        0,
        0,
        null,
        null,
        null,
        null,
        null,
        1,
        0,
        0,
        0,
        0,
        0,
        0,
        0,
        null,
        null,
        null,
        null,
        null,
        1,
        0,
        0,
        0,
        0,
        0,
        null,
        null,
        null,
        null,
        1,
        0,
        0,
        null,
        null,
        null,
        null,
        1,
        0,
        0,
        0,
        0,
        null,
        0,
        0,
        0,
        0,
        null,
        0,
        0,
        null,
        null,
        null,
        0,
        0,
        null,
        null,
        null,
        null,
        null,
        null,
        1,
        0,
        0,
        0,
        0,
        0,
        0,
        null,
        0,
        0,
        null,
        null,
        null,
        null,
        null,
        null,
        1,
        0,
        0,
        null,
        0,
        0,
        0,
        null,
        null,
        null
      ],
      "/home/saasbook/Desktop/Software-Engineering-Project-master/project/app/models/studentcourse.rb": [
        1,
        1,
        1,
        1,
        null,
        null
      ],
      "/home/saasbook/Desktop/Software-Engineering-Project-master/project/app/controllers/students_controller.rb": [
        1,
        null,
        null,
        1,
        0,
        null,
        null,
        1,
        0,
        null,
        0,
        0,
        0,
        null,
        null,
        null,
        null,
        null,
        1,
        0,
        0,
        0,
        0,
        0,
        0,
        null,
        null,
        null,
        null,
        null,
        1,
        0,
        0,
        0,
        0,
        null,
        null,
        null,
        null,
        1,
        0,
        null,
        null,
        null,
        null,
        1,
        0,
        0,
        0,
        0,
        null,
        null,
        0,
        0,
        null,
        null,
        null,
        null,
        null,
        null,
        1,
        0,
        null,
        0,
        0,
        0,
        0,
        null,
        0,
        0,
        null,
        null,
        null,
        null,
        null,
        null,
        1,
        0,
        0,
        null,
        0,
        0,
        0,
        null,
        null,
        null
      ],
      "/home/saasbook/Desktop/Software-Engineering-Project-master/project/app/models/student.rb": [
        1,
        1,
        1,
        1,
        1,
        null
      ],
      "/home/saasbook/Desktop/Software-Engineering-Project-master/project/spec/models/instructor1_spec.rb": [
        1,
        null,
        1,
        null,
        1,
        1,
        1,
        1,
        null,
        1,
        1,
        1,
        null,
        1,
        1,
        1,
        1,
        null,
        1,
        1,
        1,
        1,
        null,
        1,
        1,
        1,
        null,
        null,
        null
      ],
      "/home/saasbook/Desktop/Software-Engineering-Project-master/project/spec/models/instructor_spec.rb": [
        1,
        null,
        1,
        null,
        null,
        null,
        null,
        null,
        null,
        null,
        null,
        null,
        null,
        null,
        null,
        null,
        null,
        null,
        null,
        null,
        null,
        null,
        null,
        null,
        null,
        null,
        null,
        null,
        null,
        null,
        null
      ],
      "/home/saasbook/Desktop/Software-Engineering-Project-master/project/spec/models/instructorcourse_spec.rb": [
        1,
        null,
        1,
        null,
        1,
        null,
        1,
        1,
        1,
        null,
        null,
        1,
        1,
        1,
        null,
        null,
        null,
        1,
        1,
        1,
        null,
        null,
        null,
        1,
        1,
        1,
        1,
        null,
        1,
        1,
        1,
        null,
        null,
        1,
        1,
        1,
        1,
        null,
        null,
        null,
        null
      ],
      "/home/saasbook/Desktop/Software-Engineering-Project-master/project/spec/models/student_spec.rb": [
        1,
        null,
        1,
        null,
        1,
        1,
        1,
        1,
        null,
        1,
        1,
        1,
        null,
        1,
        1,
        1,
        1,
        null,
        1,
        1,
        1,
        1,
        null,
        1,
        1,
        1,
        null,
        null,
        null,
        null
      ],
      "/home/saasbook/Desktop/Software-Engineering-Project-master/project/spec/models/studentcourse_spec.rb": [
        1,
        null,
        1,
        null,
        1,
        null,
        1,
        1,
        1,
        null,
        null,
        1,
        1,
        1,
        null,
        null,
        null,
        1,
        1,
        1,
        null,
        null,
        1,
        1,
        1,
        1,
        null,
        null,
        null
      ]
    },
    "timestamp": 1432246203
  }
}
